\BOOKMARK [0][-]{chapter*.2}{\376\377\000K\000i\000v\000o\000n\000a\000t}{}% 1
\BOOKMARK [0][-]{chapter*.3}{\376\377\000A\000b\000s\000t\000r\000a\000c\000t}{}% 2
\BOOKMARK [0][-]{chapter.1}{\376\377\000B\000e\000v\000e\000z\000e\000t\000\351\000s}{}% 3
\BOOKMARK [0][-]{chapter.2}{\376\377\000H\000\341\000t\000t\000\351\000r\000i\000s\000m\000e\000r\000e\000t\000e\000k}{}% 4
\BOOKMARK [1][-]{section.2.1}{\376\377\000\301\000l\000t\000a\000l\000\341\000n\000o\000s\000\040\000m\000o\000d\000e\000l\000l\000e\000l\000l\000e\000n\001\121\000r\000z\000\351\000s}{chapter.2}% 5
\BOOKMARK [1][-]{section.2.2}{\376\377\000S\000z\000o\000f\000t\000v\000e\000r\000v\000e\000r\000i\000f\000i\000k\000\341\000c\000i\000\363}{chapter.2}% 6
\BOOKMARK [1][-]{section.2.3}{\376\377\000K\000-\000i\000n\000d\000u\000k\000c\000i\000\363}{chapter.2}% 7
\BOOKMARK [1][-]{section.2.4}{\376\377\000A\000\040\000p\000r\000o\000b\000l\000\351\000m\000a\000\040\000f\000o\000r\000m\000a\000l\000i\000z\000\341\000l\000\341\000s\000a}{chapter.2}% 8
\BOOKMARK [0][-]{chapter.3}{\376\377\000K\000-\000i\000n\000d\000u\000k\000c\000i\000\363\000s\000\040\000a\000l\000g\000o\000r\000i\000t\000m\000u\000s\000\040\000s\000z\000o\000f\000t\000v\000e\000r\000e\000l\000l\000e\000n\001\121\000r\000z\000\351\000s\000r\000e}{}% 9
\BOOKMARK [1][-]{section.3.1}{\376\377\000C\000o\000n\000t\000r\000o\000l\000\040\000F\000l\000o\000w\000\040\000A\000u\000t\000o\000m\000a\000t\000a}{chapter.3}% 10
\BOOKMARK [2][-]{subsection.3.1.1}{\376\377\000A\000s\000s\000e\000r\000t}{section.3.1}% 11
\BOOKMARK [1][-]{section.3.2}{\376\377\000A\000z\000\040\000a\000l\000g\000o\000r\000i\000t\000m\000u\000s\000\040\000f\000o\000r\000m\000a\000l\000i\000z\000\341\000l\000\341\000s\000a}{chapter.3}% 12
\BOOKMARK [2][-]{subsection.3.2.1}{\376\377\000E\000l\000\351\000r\000h\000e\000t\001\121\000s\000\351\000g\000\040\000v\000i\000z\000s\000g\000\341\000l\000a\000t\000a}{section.3.2}% 13
\BOOKMARK [2][-]{subsection.3.2.2}{\376\377\000A\000l\000g\000o\000r\000i\000t\000m\000u\000s}{section.3.2}% 14
\BOOKMARK [0][-]{chapter.4}{\376\377\000I\000m\000p\000l\000e\000m\000e\000n\000t\000\341\000c\000i\000\363}{}% 15
\BOOKMARK [1][-]{section.4.1}{\376\377\000T\000h\000e\000t\000a\000\040\000k\000e\000r\000e\000t\000r\000e\000n\000d\000s\000z\000e\000r}{chapter.4}% 16
\BOOKMARK [1][-]{section.4.2}{\376\377\000A\000\040\000p\000r\000o\000g\000r\000a\000m\000\040\000i\000m\000p\000l\000e\000m\000e\000n\000t\000\341\000l\000\341\000s\000a}{chapter.4}% 17
\BOOKMARK [2][-]{subsection.4.2.1}{\376\377\000B\000e\000m\000e\000n\000e\000t}{section.4.2}% 18
\BOOKMARK [2][-]{subsection.4.2.2}{\376\377\000A\000r\000c\000h\000i\000t\000e\000k\000t\000\372\000r\000a}{section.4.2}% 19
\BOOKMARK [2][-]{subsection.4.2.3}{\376\377\000M\001\161\000k\000\366\000d\000\351\000s}{section.4.2}% 20
\BOOKMARK [2][-]{subsection.4.2.4}{\376\377\000K\000i\000m\000e\000n\000e\000t}{section.4.2}% 21
\BOOKMARK [0][-]{chapter.5}{\376\377\000K\000i\000\351\000r\000t\000\351\000k\000e\000l\000\351\000s}{}% 22
\BOOKMARK [0][-]{chapter.6}{\376\377\000\326\000s\000s\000z\000e\000f\000o\000g\000l\000a\000l\000\363}{}% 23
\BOOKMARK [0][-]{chapter*.18}{\376\377\000K\000\366\000s\000z\000\366\000n\000e\000t\000n\000y\000i\000l\000v\000\341\000n\000\355\000t\000\341\000s}{}% 24
\BOOKMARK [0][-]{chapter*.18}{\376\377\000I\000r\000o\000d\000a\000l\000o\000m\000j\000e\000g\000y\000z\000\351\000k}{}% 25
